<?xml version="1.0" encoding="UTF-8"?>
<!-- Generated by org.testng.reporters.JUnitXMLReporter -->
<testsuite hostname="DESKTOP-JJ8PCSV" ignored="0" name="eurotopound2" tests="5" failures="0" timestamp="03 Jun 2023 15:40:19 GMT" time="162.681" errors="0">
  <testcase name="convertCurrencies" time="30.588" classname="com.xe.currencyconverter.ccproject.CurrencyConversions2"/>
  <testcase name="convertCurrencies" time="29.514" classname="com.xe.currencyconverter.ccproject.CurrencyConversions2"/>
  <testcase name="convertCurrencies" time="29.64" classname="com.xe.currencyconverter.ccproject.CurrencyConversions2"/>
  <testcase name="convertCurrencies" time="42.555" classname="com.xe.currencyconverter.ccproject.CurrencyConversions2"/>
  <testcase name="convertCurrencies" time="27.848" classname="com.xe.currencyconverter.ccproject.CurrencyConversions2"/>
</testsuite> <!-- eurotopound2 -->
