<?xml version="1.0" encoding="UTF-8"?>
<testng-results skipped="0" failed="0" ignored="0" total="5" passed="5">
  <reporter-output>
  </reporter-output>
  <suite name="CurrencyConversion" duration-ms="162681" started-at="2023-06-03T15:37:37Z" finished-at="2023-06-03T15:40:19Z">
    <groups>
    </groups>
    <test name="eurotopound2" duration-ms="162681" started-at="2023-06-03T15:37:37Z" finished-at="2023-06-03T15:40:19Z">
      <class name="com.xe.currencyconverter.ccproject.CurrencyConversions2">
        <test-method status="PASS" signature="initiateExtentReports()[pri:0, instance:com.xe.currencyconverter.ccproject.CurrencyConversions2@467aecef]" name="initiateExtentReports" is-config="true" duration-ms="400" started-at="2023-06-03T21:07:37Z" finished-at="2023-06-03T21:07:37Z">
          <reporter-output>
          </reporter-output>
        </test-method> <!-- initiateExtentReports -->
        <test-method status="PASS" signature="convertCurrencies(java.lang.String, java.lang.String, java.lang.String)[pri:0, instance:com.xe.currencyconverter.ccproject.CurrencyConversions2@467aecef]" name="convertCurrencies" duration-ms="30588" started-at="2023-06-03T21:07:38Z" data-provider="getData" finished-at="2023-06-03T21:08:09Z">
          <params>
            <param index="0">
              <value>
                <![CDATA[5]]>
              </value>
            </param>
            <param index="1">
              <value>
                <![CDATA[Euro]]>
              </value>
            </param>
            <param index="2">
              <value>
                <![CDATA[British Pound]]>
              </value>
            </param>
          </params>
          <reporter-output>
          </reporter-output>
        </test-method> <!-- convertCurrencies -->
        <test-method status="PASS" signature="getResult(org.testng.ITestResult)[pri:0, instance:com.xe.currencyconverter.ccproject.CurrencyConversions2@467aecef]" name="getResult" is-config="true" duration-ms="0" started-at="2023-06-03T21:08:09Z" finished-at="2023-06-03T21:08:09Z">
          <params>
            <param index="0">
              <value>
                <![CDATA[[TestResult name=convertCurrencies status=SUCCESS method=CurrencyConversions2.convertCurrencies(java.lang.String, java.lang.String, java.lang.String)[pri:0, instance:com.xe.currencyconverter.ccproject.CurrencyConversions2@467aecef] output={null}]]]>
              </value>
            </param>
          </params>
          <reporter-output>
          </reporter-output>
        </test-method> <!-- getResult -->
        <test-method status="PASS" signature="convertCurrencies(java.lang.String, java.lang.String, java.lang.String)[pri:0, instance:com.xe.currencyconverter.ccproject.CurrencyConversions2@467aecef]" name="convertCurrencies" duration-ms="29514" started-at="2023-06-03T21:08:09Z" data-provider="getData" finished-at="2023-06-03T21:08:39Z">
          <params>
            <param index="0">
              <value>
                <![CDATA[8]]>
              </value>
            </param>
            <param index="1">
              <value>
                <![CDATA[Euro]]>
              </value>
            </param>
            <param index="2">
              <value>
                <![CDATA[British Pound]]>
              </value>
            </param>
          </params>
          <reporter-output>
          </reporter-output>
        </test-method> <!-- convertCurrencies -->
        <test-method status="PASS" signature="getResult(org.testng.ITestResult)[pri:0, instance:com.xe.currencyconverter.ccproject.CurrencyConversions2@467aecef]" name="getResult" is-config="true" duration-ms="1" started-at="2023-06-03T21:08:39Z" finished-at="2023-06-03T21:08:39Z">
          <params>
            <param index="0">
              <value>
                <![CDATA[[TestResult name=convertCurrencies status=SUCCESS method=CurrencyConversions2.convertCurrencies(java.lang.String, java.lang.String, java.lang.String)[pri:0, instance:com.xe.currencyconverter.ccproject.CurrencyConversions2@467aecef] output={null}]]]>
              </value>
            </param>
          </params>
          <reporter-output>
          </reporter-output>
        </test-method> <!-- getResult -->
        <test-method status="PASS" signature="convertCurrencies(java.lang.String, java.lang.String, java.lang.String)[pri:0, instance:com.xe.currencyconverter.ccproject.CurrencyConversions2@467aecef]" name="convertCurrencies" duration-ms="29640" started-at="2023-06-03T21:08:39Z" data-provider="getData" finished-at="2023-06-03T21:09:08Z">
          <params>
            <param index="0">
              <value>
                <![CDATA[3]]>
              </value>
            </param>
            <param index="1">
              <value>
                <![CDATA[Euro]]>
              </value>
            </param>
            <param index="2">
              <value>
                <![CDATA[British Pound]]>
              </value>
            </param>
          </params>
          <reporter-output>
          </reporter-output>
        </test-method> <!-- convertCurrencies -->
        <test-method status="PASS" signature="getResult(org.testng.ITestResult)[pri:0, instance:com.xe.currencyconverter.ccproject.CurrencyConversions2@467aecef]" name="getResult" is-config="true" duration-ms="0" started-at="2023-06-03T21:09:08Z" finished-at="2023-06-03T21:09:08Z">
          <params>
            <param index="0">
              <value>
                <![CDATA[[TestResult name=convertCurrencies status=SUCCESS method=CurrencyConversions2.convertCurrencies(java.lang.String, java.lang.String, java.lang.String)[pri:0, instance:com.xe.currencyconverter.ccproject.CurrencyConversions2@467aecef] output={null}]]]>
              </value>
            </param>
          </params>
          <reporter-output>
          </reporter-output>
        </test-method> <!-- getResult -->
        <test-method status="PASS" signature="convertCurrencies(java.lang.String, java.lang.String, java.lang.String)[pri:0, instance:com.xe.currencyconverter.ccproject.CurrencyConversions2@467aecef]" name="convertCurrencies" duration-ms="42555" started-at="2023-06-03T21:09:08Z" data-provider="getData" finished-at="2023-06-03T21:09:51Z">
          <params>
            <param index="0">
              <value>
                <![CDATA[9]]>
              </value>
            </param>
            <param index="1">
              <value>
                <![CDATA[Euro]]>
              </value>
            </param>
            <param index="2">
              <value>
                <![CDATA[British Pound]]>
              </value>
            </param>
          </params>
          <reporter-output>
          </reporter-output>
        </test-method> <!-- convertCurrencies -->
        <test-method status="PASS" signature="getResult(org.testng.ITestResult)[pri:0, instance:com.xe.currencyconverter.ccproject.CurrencyConversions2@467aecef]" name="getResult" is-config="true" duration-ms="0" started-at="2023-06-03T21:09:51Z" finished-at="2023-06-03T21:09:51Z">
          <params>
            <param index="0">
              <value>
                <![CDATA[[TestResult name=convertCurrencies status=SUCCESS method=CurrencyConversions2.convertCurrencies(java.lang.String, java.lang.String, java.lang.String)[pri:0, instance:com.xe.currencyconverter.ccproject.CurrencyConversions2@467aecef] output={null}]]]>
              </value>
            </param>
          </params>
          <reporter-output>
          </reporter-output>
        </test-method> <!-- getResult -->
        <test-method status="PASS" signature="convertCurrencies(java.lang.String, java.lang.String, java.lang.String)[pri:0, instance:com.xe.currencyconverter.ccproject.CurrencyConversions2@467aecef]" name="convertCurrencies" duration-ms="27848" started-at="2023-06-03T21:09:51Z" data-provider="getData" finished-at="2023-06-03T21:10:19Z">
          <params>
            <param index="0">
              <value>
                <![CDATA[7]]>
              </value>
            </param>
            <param index="1">
              <value>
                <![CDATA[Euro]]>
              </value>
            </param>
            <param index="2">
              <value>
                <![CDATA[British Pound]]>
              </value>
            </param>
          </params>
          <reporter-output>
          </reporter-output>
        </test-method> <!-- convertCurrencies -->
        <test-method status="PASS" signature="getResult(org.testng.ITestResult)[pri:0, instance:com.xe.currencyconverter.ccproject.CurrencyConversions2@467aecef]" name="getResult" is-config="true" duration-ms="0" started-at="2023-06-03T21:10:19Z" finished-at="2023-06-03T21:10:19Z">
          <params>
            <param index="0">
              <value>
                <![CDATA[[TestResult name=convertCurrencies status=SUCCESS method=CurrencyConversions2.convertCurrencies(java.lang.String, java.lang.String, java.lang.String)[pri:0, instance:com.xe.currencyconverter.ccproject.CurrencyConversions2@467aecef] output={null}]]]>
              </value>
            </param>
          </params>
          <reporter-output>
          </reporter-output>
        </test-method> <!-- getResult -->
        <test-method status="PASS" signature="flushReports()[pri:0, instance:com.xe.currencyconverter.ccproject.CurrencyConversions2@467aecef]" name="flushReports" is-config="true" duration-ms="661" started-at="2023-06-03T21:10:19Z" finished-at="2023-06-03T21:10:19Z">
          <reporter-output>
          </reporter-output>
        </test-method> <!-- flushReports -->
      </class> <!-- com.xe.currencyconverter.ccproject.CurrencyConversions2 -->
    </test> <!-- eurotopound2 -->
  </suite> <!-- CurrencyConversion -->
</testng-results>
