<?xml version="1.0" encoding="UTF-8"?>
<testsuite xmlns:xsi="http://www.w3.org/2001/XMLSchema-instance" xsi:noNamespaceSchemaLocation="https://maven.apache.org/surefire/maven-surefire-plugin/xsd/surefire-test-report.xsd" name="TestSuite" time="164.563" tests="5" errors="0" skipped="0" failures="0">
  <properties>
[...]
</properties>
  <testcase name="convertCurrencies" classname="com.xe.currencyconverter.ccproject.CurrencyConversions2" time="30.588"/>
  <testcase name="convertCurrencies" classname="com.xe.currencyconverter.ccproject.CurrencyConversions2" time="29.513"/>
  <testcase name="convertCurrencies" classname="com.xe.currencyconverter.ccproject.CurrencyConversions2" time="29.641"/>
  <testcase name="convertCurrencies" classname="com.xe.currencyconverter.ccproject.CurrencyConversions2" time="42.555"/>
  <testcase name="convertCurrencies" classname="com.xe.currencyconverter.ccproject.CurrencyConversions2" time="27.848"/>
</testsuite>